🔹 Ingestion started at Fri Aug  1 10:44:38 UTC 2025
⚠ No /data/insert_articles.sql found; nothing to ingest.
🔹 Ingestion started at Fri Aug  1 10:48:08 UTC 2025
⚠ No /data/insert_articles.sql found; nothing to ingest.
===============================
🔹 Ingestion job STARTED at Fri Aug  1 10:58:39 UTC 2025
===============================
⚠ No /data/insert_articles.sql found; nothing to ingest.
===============================
🔹 Ingestion job ENDED at Fri Aug  1 10:58:39 UTC 2025
===============================
===============================
🔹 Ingestion job STARTED at Fri Aug  1 11:31:00 UTC 2025
===============================
🔹 Applying insert_articles.sql...
🔹 Running pruning...
🔹 Logging job run to database...
🔹 Cleaning up temporary files...
===============================
✅ Ingestion job COMPLETED at Fri Aug  1 11:32:36 UTC 2025
===============================
===============================
🔹 Ingestion job STARTED at Fri Aug  1 14:02:48 UTC 2025
===============================
🔹 Applying insert_articles.sql...
🔹 Running pruning...
🔹 Logging job run to database...
🔹 Cleaning up temporary files...
===============================
✅ Ingestion job COMPLETED at Fri Aug  1 14:04:29 UTC 2025
===============================
